<?xml version="1.0" encoding="UTF-8"?>
<testsuite name="com.walmart.weiot.alarmapi.weiotalarmapisample.controller.AlarmApiTest" time="5.662" tests="3" errors="0" skipped="0" failures="0">
  <properties>
[...]
</properties>
  <testcase name="getIotStoresTest" classname="com.walmart.weiot.alarmapi.weiotalarmapisample.controller.AlarmApiTest" time="4.897"/>
  <testcase name="getIotStoresWithPathTest" classname="com.walmart.weiot.alarmapi.weiotalarmapisample.controller.AlarmApiTest" time="0.616"/>
  <testcase name="getApiFiltersTest" classname="com.walmart.weiot.alarmapi.weiotalarmapisample.controller.AlarmApiTest" time="0.149"/>
</testsuite>